22-Aug-2018 23:22:47.827 INFO [main] org.apache.catalina.startup.VersionLoggerListener.log Server version:        Apache Tomcat/8.5.33
22-Aug-2018 23:22:47.874 INFO [main] org.apache.catalina.startup.VersionLoggerListener.log Server built:          Aug 12 2018 08:20:08 UTC
22-Aug-2018 23:22:47.874 INFO [main] org.apache.catalina.startup.VersionLoggerListener.log Server number:         8.5.33.0
22-Aug-2018 23:22:47.874 INFO [main] org.apache.catalina.startup.VersionLoggerListener.log OS Name:               Windows 8.1
22-Aug-2018 23:22:47.874 INFO [main] org.apache.catalina.startup.VersionLoggerListener.log OS Version:            6.3
22-Aug-2018 23:22:47.874 INFO [main] org.apache.catalina.startup.VersionLoggerListener.log Architecture:          amd64
22-Aug-2018 23:22:47.874 INFO [main] org.apache.catalina.startup.VersionLoggerListener.log Java Home:             C:\Program Files\Java\jdk1.8.0_172\jre
22-Aug-2018 23:22:47.874 INFO [main] org.apache.catalina.startup.VersionLoggerListener.log JVM Version:           1.8.0_172-b11
22-Aug-2018 23:22:47.874 INFO [main] org.apache.catalina.startup.VersionLoggerListener.log JVM Vendor:            Oracle Corporation
22-Aug-2018 23:22:47.874 INFO [main] org.apache.catalina.startup.VersionLoggerListener.log CATALINA_BASE:         D:\freeinstallation\apache-tomcat-8.5.33
22-Aug-2018 23:22:47.874 INFO [main] org.apache.catalina.startup.VersionLoggerListener.log CATALINA_HOME:         D:\freeinstallation\apache-tomcat-8.5.33
22-Aug-2018 23:22:47.874 INFO [main] org.apache.catalina.startup.VersionLoggerListener.log Command line argument: -Djava.util.logging.config.file=D:\freeinstallation\apache-tomcat-8.5.33\conf\logging.properties
22-Aug-2018 23:22:47.874 INFO [main] org.apache.catalina.startup.VersionLoggerListener.log Command line argument: -Djava.util.logging.manager=org.apache.juli.ClassLoaderLogManager
22-Aug-2018 23:22:47.874 INFO [main] org.apache.catalina.startup.VersionLoggerListener.log Command line argument: -Djdk.tls.ephemeralDHKeySize=2048
22-Aug-2018 23:22:47.874 INFO [main] org.apache.catalina.startup.VersionLoggerListener.log Command line argument: -Djava.protocol.handler.pkgs=org.apache.catalina.webresources
22-Aug-2018 23:22:47.874 INFO [main] org.apache.catalina.startup.VersionLoggerListener.log Command line argument: -Dignore.endorsed.dirs=
22-Aug-2018 23:22:47.890 INFO [main] org.apache.catalina.startup.VersionLoggerListener.log Command line argument: -Dcatalina.base=D:\freeinstallation\apache-tomcat-8.5.33
22-Aug-2018 23:22:47.890 INFO [main] org.apache.catalina.startup.VersionLoggerListener.log Command line argument: -Dcatalina.home=D:\freeinstallation\apache-tomcat-8.5.33
22-Aug-2018 23:22:47.890 INFO [main] org.apache.catalina.startup.VersionLoggerListener.log Command line argument: -Djava.io.tmpdir=D:\freeinstallation\apache-tomcat-8.5.33\temp
22-Aug-2018 23:22:47.890 INFO [main] org.apache.catalina.core.AprLifecycleListener.lifecycleEvent Loaded APR based Apache Tomcat Native library [1.2.17] using APR version [1.6.3].
22-Aug-2018 23:22:47.890 INFO [main] org.apache.catalina.core.AprLifecycleListener.lifecycleEvent APR capabilities: IPv6 [true], sendfile [true], accept filters [false], random [true].
22-Aug-2018 23:22:47.890 INFO [main] org.apache.catalina.core.AprLifecycleListener.lifecycleEvent APR/OpenSSL configuration: useAprConnector [false], useOpenSSL [true]
22-Aug-2018 23:22:48.421 INFO [main] org.apache.catalina.core.AprLifecycleListener.initializeSSL OpenSSL successfully initialized [OpenSSL 1.0.2o  27 Mar 2018]
22-Aug-2018 23:22:48.711 INFO [main] org.apache.coyote.AbstractProtocol.init Initializing ProtocolHandler ["http-nio-8080"]
22-Aug-2018 23:22:48.898 INFO [main] org.apache.tomcat.util.net.NioSelectorPool.getSharedSelector Using a shared selector for servlet write/read
22-Aug-2018 23:22:48.914 INFO [main] org.apache.coyote.AbstractProtocol.init Initializing ProtocolHandler ["ajp-nio-8009"]
22-Aug-2018 23:22:48.914 INFO [main] org.apache.tomcat.util.net.NioSelectorPool.getSharedSelector Using a shared selector for servlet write/read
22-Aug-2018 23:22:48.914 INFO [main] org.apache.catalina.startup.Catalina.load Initialization processed in 1552 ms
22-Aug-2018 23:22:48.961 INFO [main] org.apache.catalina.core.StandardService.startInternal Starting service [Catalina]
22-Aug-2018 23:22:48.961 INFO [main] org.apache.catalina.core.StandardEngine.startInternal Starting Servlet Engine: Apache Tomcat/8.5.33
22-Aug-2018 23:22:48.992 INFO [localhost-startStop-1] org.apache.catalina.startup.HostConfig.deployWAR Deploying web application archive [D:\freeinstallation\apache-tomcat-8.5.33\webapps\TestProject.war]
22-Aug-2018 23:22:49.531 INFO [localhost-startStop-1] org.apache.catalina.startup.HostConfig.deployWAR Deployment of web application archive [D:\freeinstallation\apache-tomcat-8.5.33\webapps\TestProject.war] has finished in [539] ms
22-Aug-2018 23:22:49.531 INFO [localhost-startStop-1] org.apache.catalina.startup.HostConfig.deployDirectory Deploying web application directory [D:\freeinstallation\apache-tomcat-8.5.33\webapps\docs]
22-Aug-2018 23:22:49.546 INFO [localhost-startStop-1] org.apache.catalina.startup.HostConfig.deployDirectory Deployment of web application directory [D:\freeinstallation\apache-tomcat-8.5.33\webapps\docs] has finished in [15] ms
22-Aug-2018 23:22:49.562 INFO [localhost-startStop-1] org.apache.catalina.startup.HostConfig.deployDirectory Deploying web application directory [D:\freeinstallation\apache-tomcat-8.5.33\webapps\examples]
22-Aug-2018 23:22:49.968 INFO [localhost-startStop-1] org.apache.catalina.startup.HostConfig.deployDirectory Deployment of web application directory [D:\freeinstallation\apache-tomcat-8.5.33\webapps\examples] has finished in [406] ms
22-Aug-2018 23:22:49.968 INFO [localhost-startStop-1] org.apache.catalina.startup.HostConfig.deployDirectory Deploying web application directory [D:\freeinstallation\apache-tomcat-8.5.33\webapps\host-manager]
22-Aug-2018 23:22:50.015 INFO [localhost-startStop-1] org.apache.catalina.startup.HostConfig.deployDirectory Deployment of web application directory [D:\freeinstallation\apache-tomcat-8.5.33\webapps\host-manager] has finished in [47] ms
22-Aug-2018 23:22:50.015 INFO [localhost-startStop-1] org.apache.catalina.startup.HostConfig.deployDirectory Deploying web application directory [D:\freeinstallation\apache-tomcat-8.5.33\webapps\manager]
22-Aug-2018 23:22:50.046 INFO [localhost-startStop-1] org.apache.catalina.startup.HostConfig.deployDirectory Deployment of web application directory [D:\freeinstallation\apache-tomcat-8.5.33\webapps\manager] has finished in [31] ms
22-Aug-2018 23:22:50.046 INFO [localhost-startStop-1] org.apache.catalina.startup.HostConfig.deployDirectory Deploying web application directory [D:\freeinstallation\apache-tomcat-8.5.33\webapps\ROOT]
22-Aug-2018 23:22:50.078 INFO [localhost-startStop-1] org.apache.catalina.startup.HostConfig.deployDirectory Deployment of web application directory [D:\freeinstallation\apache-tomcat-8.5.33\webapps\ROOT] has finished in [32] ms
22-Aug-2018 23:22:50.078 INFO [main] org.apache.coyote.AbstractProtocol.start Starting ProtocolHandler ["http-nio-8080"]
22-Aug-2018 23:22:50.093 INFO [main] org.apache.coyote.AbstractProtocol.start Starting ProtocolHandler ["ajp-nio-8009"]
22-Aug-2018 23:22:50.093 INFO [main] org.apache.catalina.startup.Catalina.start Server startup in 1185 ms
22-Aug-2018 23:23:22.886 INFO [Thread-5] org.apache.coyote.AbstractProtocol.pause Pausing ProtocolHandler ["http-nio-8080"]
22-Aug-2018 23:23:22.914 INFO [Thread-5] org.apache.coyote.AbstractProtocol.pause Pausing ProtocolHandler ["ajp-nio-8009"]
22-Aug-2018 23:23:22.977 INFO [Thread-5] org.apache.catalina.core.StandardService.stopInternal Stopping service [Catalina]
22-Aug-2018 23:23:23.039 INFO [Thread-5] org.apache.coyote.AbstractProtocol.stop Stopping ProtocolHandler ["http-nio-8080"]
22-Aug-2018 23:23:23.039 INFO [Thread-5] org.apache.coyote.AbstractProtocol.stop Stopping ProtocolHandler ["ajp-nio-8009"]
22-Aug-2018 23:23:23.055 INFO [Thread-5] org.apache.coyote.AbstractProtocol.destroy Destroying ProtocolHandler ["http-nio-8080"]
22-Aug-2018 23:23:23.055 INFO [Thread-5] org.apache.coyote.AbstractProtocol.destroy Destroying ProtocolHandler ["ajp-nio-8009"]
22-Aug-2018 23:26:54.555 INFO [main] org.apache.catalina.startup.VersionLoggerListener.log Server version:        Apache Tomcat/8.5.33
22-Aug-2018 23:26:54.559 INFO [main] org.apache.catalina.startup.VersionLoggerListener.log Server built:          Aug 12 2018 08:20:08 UTC
22-Aug-2018 23:26:54.559 INFO [main] org.apache.catalina.startup.VersionLoggerListener.log Server number:         8.5.33.0
22-Aug-2018 23:26:54.560 INFO [main] org.apache.catalina.startup.VersionLoggerListener.log OS Name:               Windows 8.1
22-Aug-2018 23:26:54.560 INFO [main] org.apache.catalina.startup.VersionLoggerListener.log OS Version:            6.3
22-Aug-2018 23:26:54.560 INFO [main] org.apache.catalina.startup.VersionLoggerListener.log Architecture:          amd64
22-Aug-2018 23:26:54.560 INFO [main] org.apache.catalina.startup.VersionLoggerListener.log Java Home:             C:\Program Files\Java\jdk1.8.0_172\jre
22-Aug-2018 23:26:54.561 INFO [main] org.apache.catalina.startup.VersionLoggerListener.log JVM Version:           1.8.0_172-b11
22-Aug-2018 23:26:54.561 INFO [main] org.apache.catalina.startup.VersionLoggerListener.log JVM Vendor:            Oracle Corporation
22-Aug-2018 23:26:54.561 INFO [main] org.apache.catalina.startup.VersionLoggerListener.log CATALINA_BASE:         D:\freeinstallation\apache-tomcat-8.5.33
22-Aug-2018 23:26:54.561 INFO [main] org.apache.catalina.startup.VersionLoggerListener.log CATALINA_HOME:         D:\freeinstallation\apache-tomcat-8.5.33
22-Aug-2018 23:26:54.562 INFO [main] org.apache.catalina.startup.VersionLoggerListener.log Command line argument: -Djava.util.logging.config.file=D:\freeinstallation\apache-tomcat-8.5.33\conf\logging.properties
22-Aug-2018 23:26:54.563 INFO [main] org.apache.catalina.startup.VersionLoggerListener.log Command line argument: -Djava.util.logging.manager=org.apache.juli.ClassLoaderLogManager
22-Aug-2018 23:26:54.564 INFO [main] org.apache.catalina.startup.VersionLoggerListener.log Command line argument: -Djdk.tls.ephemeralDHKeySize=2048
22-Aug-2018 23:26:54.565 INFO [main] org.apache.catalina.startup.VersionLoggerListener.log Command line argument: -Djava.protocol.handler.pkgs=org.apache.catalina.webresources
22-Aug-2018 23:26:54.566 INFO [main] org.apache.catalina.startup.VersionLoggerListener.log Command line argument: -Dignore.endorsed.dirs=
22-Aug-2018 23:26:54.566 INFO [main] org.apache.catalina.startup.VersionLoggerListener.log Command line argument: -Dcatalina.base=D:\freeinstallation\apache-tomcat-8.5.33
22-Aug-2018 23:26:54.567 INFO [main] org.apache.catalina.startup.VersionLoggerListener.log Command line argument: -Dcatalina.home=D:\freeinstallation\apache-tomcat-8.5.33
22-Aug-2018 23:26:54.568 INFO [main] org.apache.catalina.startup.VersionLoggerListener.log Command line argument: -Djava.io.tmpdir=D:\freeinstallation\apache-tomcat-8.5.33\temp
22-Aug-2018 23:26:54.569 INFO [main] org.apache.catalina.core.AprLifecycleListener.lifecycleEvent Loaded APR based Apache Tomcat Native library [1.2.17] using APR version [1.6.3].
22-Aug-2018 23:26:54.570 INFO [main] org.apache.catalina.core.AprLifecycleListener.lifecycleEvent APR capabilities: IPv6 [true], sendfile [true], accept filters [false], random [true].
22-Aug-2018 23:26:54.571 INFO [main] org.apache.catalina.core.AprLifecycleListener.lifecycleEvent APR/OpenSSL configuration: useAprConnector [false], useOpenSSL [true]
22-Aug-2018 23:26:55.107 INFO [main] org.apache.catalina.core.AprLifecycleListener.initializeSSL OpenSSL successfully initialized [OpenSSL 1.0.2o  27 Mar 2018]
22-Aug-2018 23:26:55.229 INFO [main] org.apache.coyote.AbstractProtocol.init Initializing ProtocolHandler ["http-nio-8080"]
22-Aug-2018 23:26:55.318 INFO [main] org.apache.tomcat.util.net.NioSelectorPool.getSharedSelector Using a shared selector for servlet write/read
22-Aug-2018 23:26:55.323 INFO [main] org.apache.coyote.AbstractProtocol.init Initializing ProtocolHandler ["ajp-nio-8009"]
22-Aug-2018 23:26:55.326 INFO [main] org.apache.tomcat.util.net.NioSelectorPool.getSharedSelector Using a shared selector for servlet write/read
22-Aug-2018 23:26:55.326 INFO [main] org.apache.catalina.startup.Catalina.load Initialization processed in 1147 ms
22-Aug-2018 23:26:55.350 INFO [main] org.apache.catalina.core.StandardService.startInternal Starting service [Catalina]
22-Aug-2018 23:26:55.351 INFO [main] org.apache.catalina.core.StandardEngine.startInternal Starting Servlet Engine: Apache Tomcat/8.5.33
22-Aug-2018 23:26:55.370 INFO [localhost-startStop-1] org.apache.catalina.startup.HostConfig.deployWAR Deploying web application archive [D:\freeinstallation\apache-tomcat-8.5.33\webapps\TestProject.war]
22-Aug-2018 23:26:55.683 INFO [localhost-startStop-1] org.apache.catalina.startup.HostConfig.deployWAR Deployment of web application archive [D:\freeinstallation\apache-tomcat-8.5.33\webapps\TestProject.war] has finished in [313] ms
22-Aug-2018 23:26:55.685 INFO [localhost-startStop-1] org.apache.catalina.startup.HostConfig.deployDirectory Deploying web application directory [D:\freeinstallation\apache-tomcat-8.5.33\webapps\docs]
22-Aug-2018 23:26:55.706 INFO [localhost-startStop-1] org.apache.catalina.startup.HostConfig.deployDirectory Deployment of web application directory [D:\freeinstallation\apache-tomcat-8.5.33\webapps\docs] has finished in [21] ms
22-Aug-2018 23:26:55.707 INFO [localhost-startStop-1] org.apache.catalina.startup.HostConfig.deployDirectory Deploying web application directory [D:\freeinstallation\apache-tomcat-8.5.33\webapps\examples]
22-Aug-2018 23:26:56.086 INFO [localhost-startStop-1] org.apache.catalina.startup.HostConfig.deployDirectory Deployment of web application directory [D:\freeinstallation\apache-tomcat-8.5.33\webapps\examples] has finished in [379] ms
22-Aug-2018 23:26:56.087 INFO [localhost-startStop-1] org.apache.catalina.startup.HostConfig.deployDirectory Deploying web application directory [D:\freeinstallation\apache-tomcat-8.5.33\webapps\host-manager]
22-Aug-2018 23:26:56.115 INFO [localhost-startStop-1] org.apache.catalina.startup.HostConfig.deployDirectory Deployment of web application directory [D:\freeinstallation\apache-tomcat-8.5.33\webapps\host-manager] has finished in [28] ms
22-Aug-2018 23:26:56.116 INFO [localhost-startStop-1] org.apache.catalina.startup.HostConfig.deployDirectory Deploying web application directory [D:\freeinstallation\apache-tomcat-8.5.33\webapps\manager]
22-Aug-2018 23:26:56.147 INFO [localhost-startStop-1] org.apache.catalina.startup.HostConfig.deployDirectory Deployment of web application directory [D:\freeinstallation\apache-tomcat-8.5.33\webapps\manager] has finished in [31] ms
22-Aug-2018 23:26:56.148 INFO [localhost-startStop-1] org.apache.catalina.startup.HostConfig.deployDirectory Deploying web application directory [D:\freeinstallation\apache-tomcat-8.5.33\webapps\ROOT]
22-Aug-2018 23:26:56.169 INFO [localhost-startStop-1] org.apache.catalina.startup.HostConfig.deployDirectory Deployment of web application directory [D:\freeinstallation\apache-tomcat-8.5.33\webapps\ROOT] has finished in [21] ms
22-Aug-2018 23:26:56.172 INFO [main] org.apache.coyote.AbstractProtocol.start Starting ProtocolHandler ["http-nio-8080"]
22-Aug-2018 23:26:56.181 INFO [main] org.apache.coyote.AbstractProtocol.start Starting ProtocolHandler ["ajp-nio-8009"]
22-Aug-2018 23:26:56.185 INFO [main] org.apache.catalina.startup.Catalina.start Server startup in 857 ms
22-Aug-2018 23:27:56.211 INFO [ContainerBackgroundProcessor[StandardEngine[Catalina]]] org.apache.catalina.startup.HostConfig.undeploy Undeploying context [/TestProject]
22-Aug-2018 23:27:56.236 INFO [localhost-startStop-2] org.apache.catalina.startup.HostConfig.deployWAR Deploying web application archive [D:\freeinstallation\apache-tomcat-8.5.33\webapps\TestProject.war]
22-Aug-2018 23:27:56.276 INFO [localhost-startStop-2] org.apache.catalina.startup.HostConfig.deployWAR Deployment of web application archive [D:\freeinstallation\apache-tomcat-8.5.33\webapps\TestProject.war] has finished in [40] ms
