24-Aug-2018 22:34:18.975 INFO [main] org.apache.catalina.startup.VersionLoggerListener.log Server version:        Apache Tomcat/8.5.33
24-Aug-2018 22:34:18.975 INFO [main] org.apache.catalina.startup.VersionLoggerListener.log Server built:          Aug 12 2018 08:20:08 UTC
24-Aug-2018 22:34:18.975 INFO [main] org.apache.catalina.startup.VersionLoggerListener.log Server number:         8.5.33.0
24-Aug-2018 22:34:18.975 INFO [main] org.apache.catalina.startup.VersionLoggerListener.log OS Name:               Windows 8.1
24-Aug-2018 22:34:18.975 INFO [main] org.apache.catalina.startup.VersionLoggerListener.log OS Version:            6.3
24-Aug-2018 22:34:18.975 INFO [main] org.apache.catalina.startup.VersionLoggerListener.log Architecture:          amd64
24-Aug-2018 22:34:18.975 INFO [main] org.apache.catalina.startup.VersionLoggerListener.log Java Home:             C:\Program Files\Java\jdk1.8.0_172\jre
24-Aug-2018 22:34:18.975 INFO [main] org.apache.catalina.startup.VersionLoggerListener.log JVM Version:           1.8.0_172-b11
24-Aug-2018 22:34:18.975 INFO [main] org.apache.catalina.startup.VersionLoggerListener.log JVM Vendor:            Oracle Corporation
24-Aug-2018 22:34:18.975 INFO [main] org.apache.catalina.startup.VersionLoggerListener.log CATALINA_BASE:         D:\freeinstallation\apache-tomcat-8.5.33
24-Aug-2018 22:34:18.975 INFO [main] org.apache.catalina.startup.VersionLoggerListener.log CATALINA_HOME:         D:\freeinstallation\apache-tomcat-8.5.33
24-Aug-2018 22:34:18.975 INFO [main] org.apache.catalina.startup.VersionLoggerListener.log Command line argument: -Djava.util.logging.config.file=D:\freeinstallation\apache-tomcat-8.5.33\conf\logging.properties
24-Aug-2018 22:34:18.975 INFO [main] org.apache.catalina.startup.VersionLoggerListener.log Command line argument: -Djava.util.logging.manager=org.apache.juli.ClassLoaderLogManager
24-Aug-2018 22:34:18.975 INFO [main] org.apache.catalina.startup.VersionLoggerListener.log Command line argument: -Djdk.tls.ephemeralDHKeySize=2048
24-Aug-2018 22:34:18.975 INFO [main] org.apache.catalina.startup.VersionLoggerListener.log Command line argument: -Djava.protocol.handler.pkgs=org.apache.catalina.webresources
24-Aug-2018 22:34:18.975 INFO [main] org.apache.catalina.startup.VersionLoggerListener.log Command line argument: -Dignore.endorsed.dirs=
24-Aug-2018 22:34:18.975 INFO [main] org.apache.catalina.startup.VersionLoggerListener.log Command line argument: -Dcatalina.base=D:\freeinstallation\apache-tomcat-8.5.33
24-Aug-2018 22:34:18.975 INFO [main] org.apache.catalina.startup.VersionLoggerListener.log Command line argument: -Dcatalina.home=D:\freeinstallation\apache-tomcat-8.5.33
24-Aug-2018 22:34:18.975 INFO [main] org.apache.catalina.startup.VersionLoggerListener.log Command line argument: -Djava.io.tmpdir=D:\freeinstallation\apache-tomcat-8.5.33\temp
24-Aug-2018 22:34:18.975 INFO [main] org.apache.catalina.core.AprLifecycleListener.lifecycleEvent Loaded APR based Apache Tomcat Native library [1.2.17] using APR version [1.6.3].
24-Aug-2018 22:34:18.975 INFO [main] org.apache.catalina.core.AprLifecycleListener.lifecycleEvent APR capabilities: IPv6 [true], sendfile [true], accept filters [false], random [true].
24-Aug-2018 22:34:18.975 INFO [main] org.apache.catalina.core.AprLifecycleListener.lifecycleEvent APR/OpenSSL configuration: useAprConnector [false], useOpenSSL [true]
24-Aug-2018 22:34:19.616 INFO [main] org.apache.catalina.core.AprLifecycleListener.initializeSSL OpenSSL successfully initialized [OpenSSL 1.0.2o  27 Mar 2018]
24-Aug-2018 22:34:19.804 INFO [main] org.apache.coyote.AbstractProtocol.init Initializing ProtocolHandler ["http-nio-8080"]
24-Aug-2018 22:34:19.897 INFO [main] org.apache.tomcat.util.net.NioSelectorPool.getSharedSelector Using a shared selector for servlet write/read
24-Aug-2018 22:34:19.913 INFO [main] org.apache.coyote.AbstractProtocol.init Initializing ProtocolHandler ["ajp-nio-8009"]
24-Aug-2018 22:34:19.913 INFO [main] org.apache.tomcat.util.net.NioSelectorPool.getSharedSelector Using a shared selector for servlet write/read
24-Aug-2018 22:34:19.913 INFO [main] org.apache.catalina.startup.Catalina.load Initialization processed in 1484 ms
24-Aug-2018 22:34:19.944 INFO [main] org.apache.catalina.core.StandardService.startInternal Starting service [Catalina]
24-Aug-2018 22:34:19.944 INFO [main] org.apache.catalina.core.StandardEngine.startInternal Starting Servlet Engine: Apache Tomcat/8.5.33
24-Aug-2018 22:34:19.975 INFO [localhost-startStop-1] org.apache.catalina.startup.HostConfig.deployWAR Deploying web application archive [D:\freeinstallation\apache-tomcat-8.5.33\webapps\123.war]
24-Aug-2018 22:34:20.288 INFO [localhost-startStop-1] org.apache.catalina.startup.HostConfig.deployWAR Deployment of web application archive [D:\freeinstallation\apache-tomcat-8.5.33\webapps\123.war] has finished in [313] ms
24-Aug-2018 22:34:20.304 INFO [localhost-startStop-1] org.apache.catalina.startup.HostConfig.deployWAR Deploying web application archive [D:\freeinstallation\apache-tomcat-8.5.33\webapps\345.war]
24-Aug-2018 22:34:20.335 INFO [localhost-startStop-1] org.apache.catalina.startup.HostConfig.deployWAR Deployment of web application archive [D:\freeinstallation\apache-tomcat-8.5.33\webapps\345.war] has finished in [31] ms
24-Aug-2018 22:34:20.335 INFO [localhost-startStop-1] org.apache.catalina.startup.HostConfig.deployWAR Deploying web application archive [D:\freeinstallation\apache-tomcat-8.5.33\webapps\567.war]
24-Aug-2018 22:34:20.366 INFO [localhost-startStop-1] org.apache.catalina.startup.HostConfig.deployWAR Deployment of web application archive [D:\freeinstallation\apache-tomcat-8.5.33\webapps\567.war] has finished in [31] ms
24-Aug-2018 22:34:20.366 INFO [localhost-startStop-1] org.apache.catalina.startup.HostConfig.deployDirectory Deploying web application directory [D:\freeinstallation\apache-tomcat-8.5.33\webapps\docs]
24-Aug-2018 22:34:20.382 INFO [localhost-startStop-1] org.apache.catalina.startup.HostConfig.deployDirectory Deployment of web application directory [D:\freeinstallation\apache-tomcat-8.5.33\webapps\docs] has finished in [16] ms
24-Aug-2018 22:34:20.382 INFO [localhost-startStop-1] org.apache.catalina.startup.HostConfig.deployDirectory Deploying web application directory [D:\freeinstallation\apache-tomcat-8.5.33\webapps\examples]
24-Aug-2018 22:34:20.835 INFO [localhost-startStop-1] org.apache.catalina.startup.HostConfig.deployDirectory Deployment of web application directory [D:\freeinstallation\apache-tomcat-8.5.33\webapps\examples] has finished in [453] ms
24-Aug-2018 22:34:20.850 INFO [localhost-startStop-1] org.apache.catalina.startup.HostConfig.deployDirectory Deploying web application directory [D:\freeinstallation\apache-tomcat-8.5.33\webapps\host-manager]
24-Aug-2018 22:34:20.882 INFO [localhost-startStop-1] org.apache.catalina.startup.HostConfig.deployDirectory Deployment of web application directory [D:\freeinstallation\apache-tomcat-8.5.33\webapps\host-manager] has finished in [32] ms
24-Aug-2018 22:34:20.897 INFO [localhost-startStop-1] org.apache.catalina.startup.HostConfig.deployDirectory Deploying web application directory [D:\freeinstallation\apache-tomcat-8.5.33\webapps\manager]
24-Aug-2018 22:34:20.944 INFO [localhost-startStop-1] org.apache.catalina.startup.HostConfig.deployDirectory Deployment of web application directory [D:\freeinstallation\apache-tomcat-8.5.33\webapps\manager] has finished in [47] ms
24-Aug-2018 22:34:20.960 INFO [localhost-startStop-1] org.apache.catalina.startup.HostConfig.deployDirectory Deploying web application directory [D:\freeinstallation\apache-tomcat-8.5.33\webapps\ROOT]
24-Aug-2018 22:34:20.975 INFO [localhost-startStop-1] org.apache.catalina.startup.HostConfig.deployDirectory Deployment of web application directory [D:\freeinstallation\apache-tomcat-8.5.33\webapps\ROOT] has finished in [15] ms
24-Aug-2018 22:34:20.991 INFO [main] org.apache.coyote.AbstractProtocol.start Starting ProtocolHandler ["http-nio-8080"]
24-Aug-2018 22:34:21.007 INFO [main] org.apache.coyote.AbstractProtocol.start Starting ProtocolHandler ["ajp-nio-8009"]
24-Aug-2018 22:34:21.007 INFO [main] org.apache.catalina.startup.Catalina.start Server startup in 1091 ms
24-Aug-2018 22:55:02.193 INFO [Thread-5] org.apache.coyote.AbstractProtocol.pause Pausing ProtocolHandler ["http-nio-8080"]
24-Aug-2018 22:55:02.303 INFO [Thread-5] org.apache.coyote.AbstractProtocol.pause Pausing ProtocolHandler ["ajp-nio-8009"]
24-Aug-2018 22:55:02.365 INFO [Thread-5] org.apache.catalina.core.StandardService.stopInternal Stopping service [Catalina]
24-Aug-2018 22:55:02.506 INFO [Thread-5] org.apache.coyote.AbstractProtocol.stop Stopping ProtocolHandler ["http-nio-8080"]
24-Aug-2018 22:55:02.506 INFO [Thread-5] org.apache.coyote.AbstractProtocol.stop Stopping ProtocolHandler ["ajp-nio-8009"]
24-Aug-2018 22:55:02.506 INFO [Thread-5] org.apache.coyote.AbstractProtocol.destroy Destroying ProtocolHandler ["http-nio-8080"]
24-Aug-2018 22:55:02.506 INFO [Thread-5] org.apache.coyote.AbstractProtocol.destroy Destroying ProtocolHandler ["ajp-nio-8009"]
